Arguments: 
  /usr/bin/node /usr/bin/yarn add express @type/express

PATH: 
  /usr/local/sbin:/usr/local/bin:/usr/sbin:/usr/bin:/sbin:/bin:/usr/games:/usr/local/games:/snap/bin

Yarn version: 
  1.22.19

Node version: 
  20.8.1

Platform: 
  linux x64

Trace: 
  Error: https://registry.yarnpkg.com/@type%2fexpress: Not found
      at params.callback [as _callback] (/usr/lib/node_modules/yarn/lib/cli.js:66145:18)
      at self.callback (/usr/lib/node_modules/yarn/lib/cli.js:140890:22)
      at Request.emit (node:events:514:28)
      at Request.<anonymous> (/usr/lib/node_modules/yarn/lib/cli.js:141862:10)
      at Request.emit (node:events:514:28)
      at IncomingMessage.<anonymous> (/usr/lib/node_modules/yarn/lib/cli.js:141784:12)
      at Object.onceWrapper (node:events:628:28)
      at IncomingMessage.emit (node:events:526:35)
      at endReadableNT (node:internal/streams/readable:1408:12)
      at process.processTicksAndRejections (node:internal/process/task_queues:82:21)

npm manifest: 
  {
     "name": "threads",
     "version": "0.0.1",
     "description": "Awesome project developed with TypeORM.",
     "type": "commonjs",
     "devDependencies": {
        "ts-node": "10.7.0",
        "@types/node": "^16.11.10",
        "typescript": "4.5.2"
     },
     "dependencies": {
        "typeorm": "0.3.17",
        "reflect-metadata": "^0.1.13",
        "mysql": "^2.14.1"
     },
     "scripts": {
        "start": "ts-node src/index.ts",
        "typeorm": "typeorm-ts-node-commonjs",
        "migration:generate":"npx typeorm-ts-node-commonjs migration:generate src/migration/threads-migration -d src/data-source.ts",
        "migration:run":"npx typeorm-ts-node-commonjs migration:run  -d src/data-source.ts"
     }
  }

yarn manifest: 
  No manifest

Lockfile: 
  No lockfile
